C:\Program Files (x86)\Microsoft Visual Studio\2019\Community\MSBuild\Microsoft\VC\v160\Microsoft.CppBuild.targets(513,5): warning MSB8028: El directorio intermedio (x64\Debug\) contiene archivos compartidos de otro proyecto (Vikings.vcxproj). Esto puede dar lugar a un comportamiento incorrecto de limpieza y recompilación.
  AABB.cpp
  Entity.cpp
  Game.cpp
C:\Users\israp\OneDrive\Documentos\GitHub\Super-Soukoban\Super Soukoban\src\Game.cpp(16,19): warning C4244: '=': conversión de 'double' a 'int'; posible pérdida de datos
C:\Users\israp\OneDrive\Documentos\GitHub\Super-Soukoban\Super Soukoban\src\Game.cpp(135,19): warning C4244: '=': conversión de 'double' a 'int'; posible pérdida de datos
C:\Users\israp\OneDrive\Documentos\GitHub\Super-Soukoban\Super Soukoban\src\Game.cpp(248,17): warning C4305: '+=': truncamiento de 'double' a 'float'
C:\Users\israp\OneDrive\Documentos\GitHub\Super-Soukoban\Super Soukoban\src\Game.cpp(253,17): warning C4305: '-=': truncamiento de 'double' a 'float'
  Globals.cpp
  main.cpp
  Object.cpp
C:\Users\israp\OneDrive\Documentos\GitHub\Super-Soukoban\Super Soukoban\src\Object.cpp(14,2): warning C4065: la instrucción switch contiene etiquetas 'default' pero no etiquetas 'case'
  Player.cpp
  RenderComponent.cpp
  ResourceManager.cpp
  Scene.cpp
  Sprite.cpp
  StaticImage.cpp
  TileMap.cpp
  Generando código...
LINK : warning LNK4098: la biblioteca predeterminada'MSVCRT' entra en conflicto con otras bibliotecas; use la biblioteca /NODEFAULTLIB:biblioteca
  Vikings.vcxproj -> C:\Users\israp\OneDrive\Documentos\GitHub\Super-Soukoban\Super Soukoban\x64\Debug\Super Soukoban.exe
