C:\Program Files (x86)\Microsoft Visual Studio\2019\Community\MSBuild\Microsoft\VC\v160\Microsoft.CppBuild.targets(513,5): warning MSB8028: El directorio intermedio (x64\Debug\) contiene archivos compartidos de otro proyecto (Vikings.vcxproj). Esto puede dar lugar a un comportamiento incorrecto de limpieza y recompilación.
  Game.cpp
C:\Users\israp\Downloads\Super-Soukoban-main OLD\Super-Soukoban-main\Super Soukoban Copy\src\Scene.h(2,10): fatal error C1083: No se puede abrir el archivo incluir: 'raylib.h': No such file or directory
  Globals.cpp
  main.cpp
C:\Users\israp\Downloads\Super-Soukoban-main OLD\Super-Soukoban-main\Super Soukoban Copy\src\Scene.h(2,10): fatal error C1083: No se puede abrir el archivo incluir: 'raylib.h': No such file or directory
  Object.cpp
C:\Users\israp\Downloads\Super-Soukoban-main OLD\Super-Soukoban-main\Super Soukoban Copy\src\Entity.h(3,10): fatal error C1083: No se puede abrir el archivo incluir: 'raylib.h': No such file or directory
  Player.cpp
C:\Users\israp\Downloads\Super-Soukoban-main OLD\Super-Soukoban-main\Super Soukoban Copy\src\Entity.h(3,10): fatal error C1083: No se puede abrir el archivo incluir: 'raylib.h': No such file or directory
  RenderComponent.cpp
C:\Users\israp\Downloads\Super-Soukoban-main OLD\Super-Soukoban-main\Super Soukoban Copy\src\RenderComponent.h(2,10): fatal error C1083: No se puede abrir el archivo incluir: 'raylib.h': No such file or directory
  ResourceManager.cpp
C:\Users\israp\Downloads\Super-Soukoban-main OLD\Super-Soukoban-main\Super Soukoban Copy\src\ResourceManager.h(3,10): fatal error C1083: No se puede abrir el archivo incluir: 'raylib.h': No such file or directory
  Scene.cpp
C:\Users\israp\Downloads\Super-Soukoban-main OLD\Super-Soukoban-main\Super Soukoban Copy\src\Scene.h(2,10): fatal error C1083: No se puede abrir el archivo incluir: 'raylib.h': No such file or directory
  Sprite.cpp
C:\Users\israp\Downloads\Super-Soukoban-main OLD\Super-Soukoban-main\Super Soukoban Copy\src\RenderComponent.h(2,10): fatal error C1083: No se puede abrir el archivo incluir: 'raylib.h': No such file or directory
  StaticImage.cpp
C:\Users\israp\Downloads\Super-Soukoban-main OLD\Super-Soukoban-main\Super Soukoban Copy\src\RenderComponent.h(2,10): fatal error C1083: No se puede abrir el archivo incluir: 'raylib.h': No such file or directory
  Text.cpp
C:\Users\israp\Downloads\Super-Soukoban-main OLD\Super-Soukoban-main\Super Soukoban Copy\src\Text.h(4,10): fatal error C1083: No se puede abrir el archivo incluir: 'raylib.h': No such file or directory
  TileMap.cpp
C:\Users\israp\Downloads\Super-Soukoban-main OLD\Super-Soukoban-main\Super Soukoban Copy\src\TileMap.h(2,10): fatal error C1083: No se puede abrir el archivo incluir: 'raylib.h': No such file or directory
  Generando código...
